[2016-12-06 18:00:32.428] [INFO] Http - http server already listen on port: 9090
[2016-12-06 18:01:40.375] [INFO] Http - http server already listen on port: 9090
[2016-12-06 18:03:42.958] [INFO] Http - http server already listen on port: 9090
[2016-12-06 18:15:31.708] [INFO] Http - http server already listen on port: 9090
[2016-12-06 18:20:58.097] [INFO] Http - http server already listen on port: 9090
[2016-12-06 18:21:39.466] [INFO] Http - http server already listen on port: 9090
[2016-12-06 18:22:38.345] [INFO] Http - http server already listen on port: 9090
[2016-12-06 18:23:14.158] [INFO] Http - http server already listen on port: 9090
[2016-12-06 19:26:41.540] [INFO] Http - http server already listen on port: 9090
[2016-12-06 19:28:17.260] [INFO] Http - http server already listen on port: 9090
[2016-12-06 19:28:20.809] [ERROR] Http - Got Exception: Unexpected end of input
[2016-12-06 19:28:59.566] [INFO] Http - http server already listen on port: 9090
[2016-12-06 19:29:02.464] [ERROR] Http - Got Exception: Unexpected end of input
[2016-12-06 19:31:05.866] [INFO] Http - http server already listen on port: 9090
[2016-12-06 19:31:08.435] [ERROR] Http - Got Exception: Unexpected end of input
[2016-12-06 19:31:47.821] [INFO] Http - http server already listen on port: 9090
[2016-12-06 19:31:50.979] [ERROR] Http - Got Exception: Unexpected end of input
[2016-12-06 19:32:38.630] [INFO] Http - http server already listen on port: 9090
[2016-12-06 19:32:42.138] [ERROR] Http - Got Exception: Unexpected end of input
[2016-12-06 19:34:36.732] [INFO] Http - http server already listen on port: 9090
[2016-12-06 19:35:55.665] [INFO] Http - http server already listen on port: 9090
[2016-12-06 19:36:13.461] [INFO] Http - http server already listen on port: 9090
[2016-12-06 19:36:15.918] [ERROR] Http - Got Exception: Unexpected end of input
[2016-12-06 19:39:50.038] [INFO] Http - http server already listen on port: 9090
[2016-12-06 19:39:51.890] [ERROR] Http - Got Exception: Unexpected end of input
[2016-12-06 19:40:14.459] [INFO] Http - http server already listen on port: 9090
[2016-12-06 19:47:42.985] [INFO] Http - http server already listen on port: 9090
[2016-12-06 19:48:49.786] [INFO] Http - http server already listen on port: 9090
[2016-12-06 19:51:36.472] [INFO] Http - http server already listen on port: 9090
[2016-12-06 19:52:27.029] [INFO] Http - http server already listen on port: 9090
[2016-12-06 19:53:06.475] [INFO] Http - http server already listen on port: 9090
[2016-12-07 12:38:10.220] [INFO] Http - http server already listen on port: 9090
[2016-12-07 12:39:26.162] [INFO] Http - http server already listen on port: 9090
[2016-12-07 12:39:56.697] [INFO] Http - http server already listen on port: 9090
[2016-12-07 12:41:19.017] [INFO] Http - http server already listen on port: 9090
[2016-12-07 12:46:37.509] [INFO] Http - http server already listen on port: 9090
[2016-12-07 12:47:22.205] [INFO] Http - http server already listen on port: 9090
[2016-12-07 12:48:04.746] [INFO] Http - http server already listen on port: 9090
[2016-12-07 12:51:55.743] [INFO] Http - http server already listen on port: 9090
[2016-12-07 12:52:31.416] [INFO] Http - http server already listen on port: 9090
[2016-12-07 13:25:39.517] [INFO] Http - http server already listen on port: 9090
[2016-12-07 13:50:07.443] [INFO] Http - http server already listen on port: 9090
[2016-12-07 13:50:12.495] [INFO] Http - New connection 1 from 127.0.0.1
[2016-12-07 13:50:41.418] [INFO] Http - http server already listen on port: 9090
[2016-12-07 13:50:44.404] [INFO] Http - New connection 1 from 127.0.0.1
[2016-12-07 13:50:44.408] [INFO] Http - Response message to connection [1] 682 : {"httpVersion":"1.1","route":"helloword","params":{"a":"1","b":"2"},"method":"GET","statusCode":null,"headers":{"host":"localhost:9090","connection":"keep-alive","cache-control":"max-age=0","accept":"text/html,application/xhtml+xml,application/xml;q=0.9,image/webp,*/*;q=0.8","upgrade-insecure-requests":"1","user-agent":"Mozilla/5.0 (Windows NT 6.1; WOW64) AppleWebKit/537.36 (KHTML, like Gecko) Chrome/49.0.2623.22 Safari/537.36 SE 2.X MetaSr 1.0","accept-encoding":"gzip, deflate, gzip","accept-language":"zh-CN,zh;q=0.8","cookie":"sg.sid=s%3AnjP9ClJwqVHQCxTA9jGzWd00.bWkf%2BjugWE9qNtMeDMKtEvayShOPMYmew2AZYtsn2TY"},"remoteAddress":"127.0.0.1","body":{"type":"Buffer","data":[]}}
[2016-12-07 13:50:44.411] [INFO] Http - Connection 1 disconnected  time-consumed:7
[2016-12-07 13:50:51.210] [INFO] Http - New connection 2 from 127.0.0.1
[2016-12-07 13:50:51.212] [INFO] Http - Response message to connection [2] 682 : {"httpVersion":"1.1","route":"helloword","params":{"a":"1","b":"2"},"method":"GET","statusCode":null,"headers":{"host":"localhost:9090","connection":"keep-alive","cache-control":"max-age=0","accept":"text/html,application/xhtml+xml,application/xml;q=0.9,image/webp,*/*;q=0.8","upgrade-insecure-requests":"1","user-agent":"Mozilla/5.0 (Windows NT 6.1; WOW64) AppleWebKit/537.36 (KHTML, like Gecko) Chrome/49.0.2623.22 Safari/537.36 SE 2.X MetaSr 1.0","accept-encoding":"gzip, deflate, gzip","accept-language":"zh-CN,zh;q=0.8","cookie":"sg.sid=s%3AnjP9ClJwqVHQCxTA9jGzWd00.bWkf%2BjugWE9qNtMeDMKtEvayShOPMYmew2AZYtsn2TY"},"remoteAddress":"127.0.0.1","body":{"type":"Buffer","data":[]}}
[2016-12-07 13:50:51.214] [INFO] Http - Connection 2 disconnected  time-consumed:4
[2016-12-07 13:51:50.762] [INFO] Http - New connection 3 from 127.0.0.1
[2016-12-07 13:51:50.763] [INFO] Http - Response message to connection [3] 682 : {"httpVersion":"1.1","route":"helloword","params":{"a":"1","b":"2"},"method":"GET","statusCode":null,"headers":{"host":"localhost:9090","connection":"keep-alive","cache-control":"max-age=0","accept":"text/html,application/xhtml+xml,application/xml;q=0.9,image/webp,*/*;q=0.8","upgrade-insecure-requests":"1","user-agent":"Mozilla/5.0 (Windows NT 6.1; WOW64) AppleWebKit/537.36 (KHTML, like Gecko) Chrome/49.0.2623.22 Safari/537.36 SE 2.X MetaSr 1.0","accept-encoding":"gzip, deflate, gzip","accept-language":"zh-CN,zh;q=0.8","cookie":"sg.sid=s%3AnjP9ClJwqVHQCxTA9jGzWd00.bWkf%2BjugWE9qNtMeDMKtEvayShOPMYmew2AZYtsn2TY"},"remoteAddress":"127.0.0.1","body":{"type":"Buffer","data":[]}}
[2016-12-07 13:51:50.763] [INFO] Http - Connection 3 disconnected  time-consumed:2
[2016-12-07 13:52:03.228] [INFO] Http - New connection 4 from 127.0.0.1
[2016-12-07 13:52:03.229] [INFO] Http - Response message to connection [4] 660 : {"httpVersion":"1.1","route":"helloword/index","params":{"a":"1","b":"2"},"method":"GET","statusCode":null,"headers":{"host":"localhost:9090","connection":"keep-alive","accept":"text/html,application/xhtml+xml,application/xml;q=0.9,image/webp,*/*;q=0.8","upgrade-insecure-requests":"1","user-agent":"Mozilla/5.0 (Windows NT 6.1; WOW64) AppleWebKit/537.36 (KHTML, like Gecko) Chrome/49.0.2623.22 Safari/537.36 SE 2.X MetaSr 1.0","accept-encoding":"gzip, deflate, gzip","accept-language":"zh-CN,zh;q=0.8","cookie":"sg.sid=s%3AnjP9ClJwqVHQCxTA9jGzWd00.bWkf%2BjugWE9qNtMeDMKtEvayShOPMYmew2AZYtsn2TY"},"remoteAddress":"127.0.0.1","body":{"type":"Buffer","data":[]}}
[2016-12-07 13:52:03.230] [INFO] Http - Connection 4 disconnected  time-consumed:2
[2016-12-07 13:52:14.017] [INFO] Http - New connection 5 from 127.0.0.1
[2016-12-07 13:52:14.018] [DEBUG] Http - This connection will be disconnect by: unknown route
[2016-12-07 13:52:14.018] [INFO] Http - Response message to connection [5] 25 : {"error":"unknown route"}
[2016-12-07 13:52:14.018] [INFO] Http - Connection 5 disconnected  time-consumed:1
[2016-12-07 13:59:33.663] [INFO] Http - http server already listen on port: 9090
[2016-12-07 13:59:37.868] [INFO] Http - New connection 1 from 127.0.0.1
[2016-12-07 13:59:37.875] [DEBUG] Http - This connection will be disconnect by: unknown route
[2016-12-07 13:59:37.876] [INFO] Http - Response message to connection [1] 25 : {"error":"unknown route"}
[2016-12-07 13:59:37.882] [INFO] Http - Connection 1 disconnected  time-consumed:15
[2016-12-07 14:00:26.643] [INFO] Http - New connection 2 from 127.0.0.1
[2016-12-07 14:00:26.644] [DEBUG] Http - This connection will be disconnect by: invalid request
[2016-12-07 14:00:26.644] [INFO] Http - Response message to connection [2] 27 : {"error":"invalid request"}
[2016-12-07 14:00:26.645] [INFO] Http - Connection 2 disconnected  time-consumed:2
[2016-12-07 14:00:37.952] [INFO] Http - http server already listen on port: 9090
[2016-12-07 14:00:40.250] [INFO] Http - New connection 1 from 127.0.0.1
[2016-12-07 14:00:40.261] [INFO] Http - Response message to connection [1] 688 : {"httpVersion":"1.1","route":"helloword/index","params":{"a":"1","b":"2"},"method":"GET","statusCode":null,"headers":{"host":"localhost:9090","connection":"keep-alive","cache-control":"max-age=0","accept":"text/html,application/xhtml+xml,application/xml;q=0.9,image/webp,*/*;q=0.8","upgrade-insecure-requests":"1","user-agent":"Mozilla/5.0 (Windows NT 6.1; WOW64) AppleWebKit/537.36 (KHTML, like Gecko) Chrome/49.0.2623.22 Safari/537.36 SE 2.X MetaSr 1.0","accept-encoding":"gzip, deflate, gzip","accept-language":"zh-CN,zh;q=0.8","cookie":"sg.sid=s%3AnjP9ClJwqVHQCxTA9jGzWd00.bWkf%2BjugWE9qNtMeDMKtEvayShOPMYmew2AZYtsn2TY"},"remoteAddress":"127.0.0.1","body":{"type":"Buffer","data":[]}}
[2016-12-07 14:00:40.267] [INFO] Http - Connection 1 disconnected  time-consumed:17
