[2016-12-01 16:18:42.269] [INFO] jadeLoader - JadeLoader init finish
[2016-12-01 16:20:54.480] [INFO] jadeLoader - JadeLoader init finish
[2016-12-01 16:21:25.923] [INFO] jadeLoader - JadeLoader init finish
[2016-12-01 16:21:50.083] [INFO] jadeLoader - JadeLoader init finish
[2016-12-01 16:22:29.484] [INFO] jadeLoader - JadeLoader init finish
[2016-12-01 16:22:43.538] [INFO] jadeLoader - JadeLoader init finish
[2016-12-01 16:23:14.979] [INFO] jadeLoader - JadeLoader init finish
[2016-12-01 16:24:04.459] [INFO] jadeLoader - JadeLoader init finish
[2016-12-01 16:36:28.800] [INFO] jadeLoader - JadeLoader init finish
[2016-12-01 16:37:04.477] [INFO] jadeLoader - JadeLoader init finish
[2016-12-01 16:37:37.958] [INFO] jadeLoader - JadeLoader init finish
[2016-12-01 16:37:51.160] [INFO] jadeLoader - JadeLoader init finish
[2016-12-01 17:04:23.226] [INFO] jadeLoader - JadeLoader init finish
[2016-12-01 17:41:49.316] [INFO] jadeLoader - JadeLoader init finish
[2016-12-01 17:41:49.321] [INFO] jadeLoader - JadeLoader init finish
[2016-12-01 17:43:23.364] [INFO] jadeLoader - JadeLoader init finish
[2016-12-01 17:43:23.368] [INFO] jadeLoader - JadeLoader init finish
[2016-12-01 17:44:23.296] [INFO] jadeLoader - JadeLoader init finish
[2016-12-01 17:44:23.299] [INFO] jadeLoader - JadeLoader init finish
[2016-12-01 17:56:06.254] [INFO] jadeLoader - JadeLoader init finish
[2016-12-01 17:56:06.258] [INFO] jadeLoader - JadeLoader init finish
[2016-12-01 18:00:31.637] [INFO] jadeLoader - JadeLoader init finish
[2016-12-01 18:00:31.641] [INFO] jadeLoader - JadeLoader init finish
[2016-12-01 18:01:38.553] [INFO] jadeLoader - JadeLoader init finish
[2016-12-01 18:01:38.557] [INFO] jadeLoader - JadeLoader init finish
[2016-12-01 18:02:12.746] [INFO] jadeLoader - JadeLoader init finish
[2016-12-01 18:02:12.750] [INFO] jadeLoader - JadeLoader init finish
[2016-12-01 18:02:52.207] [INFO] jadeLoader - JadeLoader init finish
[2016-12-01 18:02:52.212] [INFO] jadeLoader - JadeLoader init finish
[2016-12-01 18:04:42.847] [INFO] jadeLoader - JadeLoader init finish
[2016-12-01 18:04:42.851] [INFO] jadeLoader - JadeLoader init finish
[2016-12-01 18:04:56.660] [INFO] jadeLoader - JadeLoader init finish
[2016-12-01 18:04:56.666] [INFO] jadeLoader - JadeLoader init finish
[2016-12-01 18:06:58.395] [INFO] jadeLoader - JadeLoader init finish
[2016-12-01 18:06:58.399] [INFO] jadeLoader - JadeLoader init finish
[2016-12-01 18:12:04.455] [INFO] jadeLoader - JadeLoader init finish
[2016-12-01 18:12:04.459] [INFO] jadeLoader - JadeLoader init finish
[2016-12-01 18:21:04.496] [INFO] jadeLoader - JadeLoader init finish
[2016-12-01 18:21:04.500] [INFO] jadeLoader - JadeLoader init finish
[2016-12-01 18:21:37.544] [INFO] jadeLoader - JadeLoader init finish
[2016-12-01 18:21:37.547] [INFO] jadeLoader - JadeLoader init finish
[2016-12-01 18:22:54.556] [INFO] jadeLoader - JadeLoader init finish
[2016-12-01 18:22:54.560] [INFO] jadeLoader - JadeLoader init finish
[2016-12-01 18:23:42.631] [INFO] jadeLoader - JadeLoader init finish
[2016-12-01 18:23:57.644] [INFO] jadeLoader - JadeLoader init finish
[2016-12-01 18:24:26.515] [INFO] jadeLoader - JadeLoader init finish
[2016-12-01 18:24:26.519] [INFO] jadeLoader - JadeLoader init finish
[2016-12-01 18:26:24.029] [INFO] jadeLoader - JadeLoader init finish
[2016-12-01 18:26:24.033] [INFO] jadeLoader - JadeLoader init finish
[2016-12-01 18:28:26.815] [INFO] jadeLoader - JadeLoader init finish
[2016-12-01 18:28:57.881] [INFO] jadeLoader - JadeLoader init finish
[2016-12-01 18:29:55.562] [INFO] jadeLoader - JadeLoader init finish
[2016-12-01 18:41:37.951] [INFO] jadeLoader - JadeLoader init finish
[2016-12-01 18:41:54.070] [INFO] jadeLoader - JadeLoader init finish
[2016-12-01 18:42:03.965] [INFO] jadeLoader - JadeLoader init finish
[2016-12-01 18:47:01.497] [INFO] jadeLoader - JadeLoader init finish
[2016-12-01 18:53:00.429] [INFO] jadeLoader - JadeLoader init finish
[2016-12-01 18:57:42.420] [INFO] jadeLoader - JadeLoader init finish
[2016-12-01 18:58:19.052] [INFO] jadeLoader - JadeLoader init finish
[2016-12-01 18:58:34.615] [INFO] jadeLoader - JadeLoader init finish
[2016-12-01 19:01:18.262] [INFO] jadeLoader - JadeLoader init finish
[2016-12-01 19:10:10.463] [INFO] jadeLoader - JadeLoader init finish
[2016-12-01 19:10:29.776] [INFO] jadeLoader - JadeLoader init finish
[2016-12-01 19:10:41.679] [INFO] jadeLoader - JadeLoader init finish
[2016-12-01 19:10:59.112] [INFO] jadeLoader - JadeLoader init finish
[2016-12-01 19:12:36.502] [INFO] jadeLoader - JadeLoader init finish
[2016-12-01 19:12:59.098] [INFO] jadeLoader - JadeLoader init finish
[2016-12-01 19:13:52.277] [INFO] jadeLoader - JadeLoader init finish
[2016-12-01 19:15:21.774] [INFO] jadeLoader - JadeLoader init finish
[2016-12-01 19:15:47.958] [INFO] jadeLoader - JadeLoader init finish
[2016-12-01 19:17:14.561] [INFO] jadeLoader - JadeLoader init finish
[2016-12-01 19:18:19.512] [INFO] jadeLoader - JadeLoader init finish
[2016-12-01 19:23:25.062] [INFO] jadeLoader - JadeLoader init finish
[2016-12-01 19:25:19.278] [INFO] jadeLoader - JadeLoader init finish
[2016-12-01 19:27:06.070] [INFO] jadeLoader - JadeLoader init finish
[2016-12-01 19:28:10.099] [INFO] jadeLoader - JadeLoader init finish
[2016-12-01 19:29:03.158] [INFO] jadeLoader - JadeLoader init finish
[2016-12-01 19:34:13.071] [INFO] jadeLoader - JadeLoader init finish
[2016-12-01 19:34:36.237] [INFO] jadeLoader - JadeLoader init finish
[2016-12-01 19:36:33.007] [INFO] jadeLoader - JadeLoader init finish
[2016-12-01 19:38:23.718] [INFO] jadeLoader - JadeLoader init finish
[2016-12-01 19:38:53.808] [INFO] jadeLoader - JadeLoader init finish
[2016-12-01 19:39:39.750] [INFO] jadeLoader - JadeLoader init finish
[2016-12-01 19:41:54.791] [INFO] jadeLoader - JadeLoader init finish
[2016-12-01 19:42:06.394] [INFO] jadeLoader - JadeLoader init finish
[2016-12-01 19:43:20.281] [INFO] jadeLoader - JadeLoader init finish
[2016-12-01 19:44:21.486] [INFO] jadeLoader - JadeLoader init finish
[2016-12-01 19:47:38.718] [INFO] jadeLoader - JadeLoader init finish
[2016-12-01 19:48:26.391] [INFO] jadeLoader - JadeLoader init finish
[2016-12-01 19:50:01.982] [INFO] jadeLoader - JadeLoader init finish
[2016-12-01 19:55:17.874] [INFO] jadeLoader - JadeLoader init finish
[2016-12-01 19:56:01.476] [INFO] jadeLoader - JadeLoader init finish
[2016-12-01 19:58:24.279] [INFO] jadeLoader - JadeLoader init finish
[2016-12-01 20:01:17.834] [INFO] jadeLoader - JadeLoader init finish
[2016-12-01 20:01:59.686] [INFO] jadeLoader - JadeLoader init finish
[2016-12-01 20:02:27.762] [INFO] jadeLoader - JadeLoader init finish
[2016-12-01 20:02:27.762] [INFO] jadeLoader - JadeLoader init finish
[2016-12-01 20:03:34.845] [INFO] jadeLoader - JadeLoader init finish
[2016-12-04 10:37:58.764] [INFO] jadeLoader - JadeLoader init finish
[2016-12-04 10:56:54.347] [INFO] jadeLoader - JadeLoader init finish
[2016-12-04 10:56:57.348] [WARN] jadeLoader - hotLoad module start.
[2016-12-04 10:56:57.350] [WARN] jadeLoader - hotLoad module finish,cost  0  seconds
[2016-12-04 11:02:49.838] [INFO] jadeLoader - JadeLoader init finish
[2016-12-04 11:15:16.646] [INFO] jadeLoader - JadeLoader init finish
[2016-12-04 11:15:19.648] [WARN] jadeLoader - hotLoad module start.
[2016-12-04 11:15:19.648] [WARN] jadeLoader - hotLoad module finish,cost  0  seconds
[2016-12-04 11:15:22.650] [WARN] jadeLoader - hotLoad module start.
[2016-12-04 11:19:36.890] [INFO] jadeLoader - JadeLoader init finish
[2016-12-04 11:19:39.891] [WARN] jadeLoader - hotLoad module start.
[2016-12-04 11:19:39.893] [WARN] jadeLoader - hotLoad module finish,cost  0  seconds
[2016-12-04 11:19:46.409] [INFO] jadeLoader - JadeLoader init finish
[2016-12-04 11:19:49.410] [WARN] jadeLoader - hotLoad module start.
[2016-12-04 11:19:49.411] [WARN] jadeLoader - hotLoad module finish,cost  0  seconds
[2016-12-04 11:19:52.413] [WARN] jadeLoader - hotLoad module start.
[2016-12-04 11:20:49.330] [INFO] jadeLoader - JadeLoader init finish
[2016-12-04 11:21:31.502] [INFO] jadeLoader - JadeLoader init finish
[2016-12-04 11:21:34.502] [WARN] jadeLoader - hotLoad module start.
[2016-12-04 11:21:34.503] [WARN] jadeLoader - hotLoad module finish,cost  0  seconds
[2016-12-04 11:21:37.507] [WARN] jadeLoader - hotLoad module start.
[2016-12-04 11:23:17.671] [INFO] jadeLoader - JadeLoader init finish
[2016-12-04 11:23:20.670] [WARN] jadeLoader - hotLoad module start.
[2016-12-04 11:23:20.671] [WARN] jadeLoader - hotLoad module finish,cost  0  seconds
[2016-12-04 11:23:23.670] [WARN] jadeLoader - hotLoad module start.
[2016-12-04 11:25:09.399] [INFO] jadeLoader - JadeLoader init finish
[2016-12-04 11:25:12.399] [WARN] jadeLoader - hotLoad module start.
[2016-12-04 11:25:12.401] [WARN] jadeLoader - hotLoad module finish,cost  0  seconds
[2016-12-04 11:25:15.406] [WARN] jadeLoader - hotLoad module start.
[2016-12-04 11:25:42.028] [INFO] jadeLoader - JadeLoader init finish
[2016-12-04 11:25:45.029] [WARN] jadeLoader - hotLoad module start.
[2016-12-04 11:25:45.030] [WARN] jadeLoader - hotLoad module finish,cost   seconds
[2016-12-04 11:25:48.032] [WARN] jadeLoader - hotLoad module start.
[2016-12-04 11:25:48.032] [WARN] jadeLoader - hotLoad module finish,cost   seconds
[2016-12-04 11:25:51.034] [WARN] jadeLoader - hotLoad module start.
[2016-12-04 11:25:51.034] [WARN] jadeLoader - hotLoad module finish,cost   seconds
[2016-12-04 11:25:54.035] [WARN] jadeLoader - hotLoad module start.
[2016-12-04 11:25:54.035] [WARN] jadeLoader - hotLoad module finish,cost   seconds
[2016-12-04 11:25:57.037] [WARN] jadeLoader - hotLoad module start.
[2016-12-04 11:25:57.037] [WARN] jadeLoader - hotLoad module finish,cost   seconds
[2016-12-04 11:29:39.512] [INFO] jadeLoader - JadeLoader init finish
[2016-12-04 11:29:42.513] [WARN] jadeLoader - hotLoad module start.
[2016-12-04 11:29:42.515] [WARN] jadeLoader - hotLoad module finish,cost   seconds
[2016-12-04 11:29:45.520] [WARN] jadeLoader - hotLoad module start.
[2016-12-04 11:32:14.662] [INFO] jadeLoader - JadeLoader init finish
[2016-12-04 11:32:17.662] [WARN] jadeLoader - hotLoad module start.
[2016-12-04 11:32:22.890] [INFO] jadeLoader - JadeLoader init finish
[2016-12-04 11:32:25.890] [WARN] jadeLoader - hotLoad module start.
[2016-12-04 11:32:25.891] [WARN] jadeLoader - hotLoad module finish,cost   seconds
[2016-12-04 11:32:28.895] [WARN] jadeLoader - hotLoad module start.
[2016-12-04 12:27:53.347] [INFO] jadeLoader - JadeLoader init finish
[2016-12-04 12:27:56.348] [WARN] jadeLoader - hotLoad module start.
[2016-12-04 12:27:56.351] [WARN] jadeLoader - hotLoad module finish,cost   seconds
[2016-12-04 12:27:59.358] [WARN] jadeLoader - hotLoad module start.
[2016-12-04 12:27:59.359] [WARN] jadeLoader - hotLoad module finish,cost   seconds
[2016-12-04 12:28:02.364] [WARN] jadeLoader - hotLoad module start.
[2016-12-04 12:28:02.364] [WARN] jadeLoader - hotLoad module finish,cost   seconds
[2016-12-04 12:28:05.365] [WARN] jadeLoader - hotLoad module start.
[2016-12-04 12:28:05.366] [WARN] jadeLoader - hotLoad module finish,cost   seconds
[2016-12-04 12:28:08.365] [WARN] jadeLoader - hotLoad module start.
[2016-12-04 12:28:08.367] [WARN] jadeLoader - hotLoad module finish,cost   seconds
[2016-12-04 12:28:11.371] [WARN] jadeLoader - hotLoad module start.
[2016-12-04 12:28:11.374] [WARN] jadeLoader - hotLoad module finish,cost   seconds
[2016-12-04 12:28:14.381] [WARN] jadeLoader - hotLoad module start.
[2016-12-04 12:28:14.382] [WARN] jadeLoader - hotLoad module finish,cost   seconds
[2016-12-04 12:28:17.383] [WARN] jadeLoader - hotLoad module start.
[2016-12-04 12:28:17.384] [WARN] jadeLoader - hotLoad module finish,cost   seconds
[2016-12-04 12:28:20.386] [WARN] jadeLoader - hotLoad module start.
[2016-12-04 12:28:20.386] [WARN] jadeLoader - hotLoad module finish,cost   seconds
[2016-12-04 12:28:23.386] [WARN] jadeLoader - hotLoad module start.
[2016-12-04 12:28:23.386] [WARN] jadeLoader - hotLoad module finish,cost   seconds
[2016-12-04 12:28:26.388] [WARN] jadeLoader - hotLoad module start.
[2016-12-04 12:28:26.389] [WARN] jadeLoader - hotLoad module finish,cost   seconds
[2016-12-04 12:28:29.392] [WARN] jadeLoader - hotLoad module start.
[2016-12-04 12:28:29.393] [WARN] jadeLoader - hotLoad module finish,cost   seconds
[2016-12-04 12:29:10.366] [INFO] jadeLoader - JadeLoader init finish
[2016-12-04 12:29:10.378] [INFO] jadeLoader - JadeLoader init finish
[2016-12-04 12:29:13.366] [WARN] jadeLoader - hotLoad module start.
[2016-12-04 12:29:13.367] [WARN] jadeLoader - hotLoad module finish,cost   seconds
[2016-12-04 12:29:13.381] [WARN] jadeLoader - hotLoad module start.
[2016-12-04 12:29:13.382] [WARN] jadeLoader - hotLoad module finish,cost   seconds
[2016-12-04 12:49:40.262] [ERROR] jadeLoader - TypeError: TimeUtils.end is not a function
    at null._onTimeout (c:\Users\Administrator.GG59G8M3QYURG1Y\Desktop\mnode\mnode\app.js:20:15)
    at Timer.listOnTimeout (timers.js:92:15)
[2016-12-04 12:59:21.325] [INFO] jadeLoader - JadeLoader init finish
[2016-12-04 12:59:24.326] [WARN] jadeLoader - hotLoad module start.
[2016-12-04 12:59:24.328] [WARN] jadeLoader - hotLoad module finish,cost  0  seconds
[2016-12-04 12:59:27.334] [WARN] jadeLoader - hotLoad module start.
[2016-12-04 12:59:27.335] [WARN] jadeLoader - hotLoad module finish,cost  0  seconds
[2016-12-04 13:00:02.233] [INFO] jadeLoader - JadeLoader init finish
[2016-12-04 13:00:05.232] [WARN] jadeLoader - hotLoad module start.
[2016-12-04 13:00:05.237] [WARN] jadeLoader - hotLoad module finish,cost  0  seconds
[2016-12-04 13:00:08.242] [WARN] jadeLoader - hotLoad module start.
[2016-12-04 13:00:08.246] [WARN] jadeLoader - hotLoad module finish,cost  0  seconds
[2016-12-04 13:00:11.254] [WARN] jadeLoader - hotLoad module start.
[2016-12-04 13:00:11.257] [WARN] jadeLoader - hotLoad module finish,cost  0  seconds
[2016-12-04 13:00:14.262] [WARN] jadeLoader - hotLoad module start.
[2016-12-04 13:00:14.267] [WARN] jadeLoader - hotLoad module finish,cost  0  seconds
[2016-12-04 13:00:17.274] [WARN] jadeLoader - hotLoad module start.
[2016-12-04 13:00:17.284] [WARN] jadeLoader - hotLoad module finish,cost  0  seconds
[2016-12-04 13:09:06.289] [INFO] jadeLoader - JadeLoader init finish
[2016-12-04 13:09:09.289] [WARN] jadeLoader - hotLoad module start.
[2016-12-04 13:09:09.293] [WARN] jadeLoader - hotLoad module finish,cost  0  seconds
[2016-12-04 13:09:12.302] [WARN] jadeLoader - hotLoad module start.
[2016-12-04 13:09:12.302] [WARN] jadeLoader - hotLoad module finish,cost  0  seconds
[2016-12-04 13:09:15.304] [WARN] jadeLoader - hotLoad module start.
[2016-12-04 13:09:15.304] [WARN] jadeLoader - hotLoad module finish,cost  0  seconds
[2016-12-04 13:09:18.305] [WARN] jadeLoader - hotLoad module start.
[2016-12-04 13:09:18.305] [WARN] jadeLoader - hotLoad module finish,cost  0  seconds
[2016-12-04 13:09:21.308] [WARN] jadeLoader - hotLoad module start.
[2016-12-04 13:09:21.309] [WARN] jadeLoader - hotLoad module finish,cost  0  seconds
[2016-12-04 13:09:24.314] [WARN] jadeLoader - hotLoad module start.
[2016-12-04 13:09:24.315] [WARN] jadeLoader - hotLoad module finish,cost  0  seconds
[2016-12-04 13:09:27.316] [WARN] jadeLoader - hotLoad module start.
[2016-12-04 13:09:27.318] [WARN] jadeLoader - hotLoad module finish,cost  0  seconds
[2016-12-04 13:09:30.323] [WARN] jadeLoader - hotLoad module start.
[2016-12-04 13:09:30.325] [WARN] jadeLoader - hotLoad module finish,cost  0  seconds
[2016-12-04 13:09:33.327] [WARN] jadeLoader - hotLoad module start.
[2016-12-04 13:09:33.328] [WARN] jadeLoader - hotLoad module finish,cost  0  seconds
[2016-12-04 13:09:36.329] [WARN] jadeLoader - hotLoad module start.
[2016-12-04 13:09:36.329] [WARN] jadeLoader - hotLoad module finish,cost  0  seconds
[2016-12-04 13:09:39.329] [WARN] jadeLoader - hotLoad module start.
[2016-12-04 13:09:39.330] [WARN] jadeLoader - hotLoad module finish,cost  0  seconds
[2016-12-04 13:09:42.331] [WARN] jadeLoader - hotLoad module start.
[2016-12-04 13:09:42.331] [WARN] jadeLoader - hotLoad module finish,cost  0  seconds
[2016-12-04 13:09:45.332] [WARN] jadeLoader - hotLoad module start.
[2016-12-04 13:09:45.332] [WARN] jadeLoader - hotLoad module finish,cost  0  seconds
[2016-12-04 13:09:48.333] [WARN] jadeLoader - hotLoad module start.
[2016-12-04 13:09:48.334] [WARN] jadeLoader - hotLoad module finish,cost  0  seconds
[2016-12-04 13:09:51.335] [WARN] jadeLoader - hotLoad module start.
[2016-12-04 13:09:51.337] [WARN] jadeLoader - hotLoad module finish,cost  1  seconds
[2016-12-04 13:09:54.098] [INFO] jadeLoader - JadeLoader init finish
[2016-12-04 13:09:57.099] [WARN] jadeLoader - hotLoad module start.
[2016-12-04 13:09:57.104] [WARN] jadeLoader - hotLoad module finish,cost  0  seconds
[2016-12-04 13:10:00.113] [WARN] jadeLoader - hotLoad module start.
[2016-12-04 13:10:00.113] [WARN] jadeLoader - hotLoad module finish,cost  0  seconds
[2016-12-04 13:10:14.849] [INFO] jadeLoader - JadeLoader init finish
[2016-12-04 13:10:17.850] [WARN] jadeLoader - hotLoad module start.
[2016-12-04 13:10:17.856] [WARN] jadeLoader - hotLoad module finish,cost  0  seconds
[2016-12-04 13:10:20.866] [WARN] jadeLoader - hotLoad module start.
[2016-12-04 13:10:20.867] [WARN] jadeLoader - hotLoad module finish,cost  0  seconds
[2016-12-04 13:10:23.872] [WARN] jadeLoader - hotLoad module start.
[2016-12-04 13:10:23.873] [WARN] jadeLoader - hotLoad module finish,cost  0  seconds
[2016-12-04 13:10:26.872] [WARN] jadeLoader - hotLoad module start.
[2016-12-04 13:10:26.872] [WARN] jadeLoader - hotLoad module finish,cost  0  seconds
[2016-12-04 13:10:29.872] [WARN] jadeLoader - hotLoad module start.
[2016-12-04 13:10:29.873] [WARN] jadeLoader - hotLoad module finish,cost  0  seconds
[2016-12-04 13:10:32.876] [WARN] jadeLoader - hotLoad module start.
[2016-12-04 13:10:32.876] [WARN] jadeLoader - hotLoad module finish,cost  0  seconds
[2016-12-04 13:10:35.878] [WARN] jadeLoader - hotLoad module start.
[2016-12-04 13:10:35.879] [WARN] jadeLoader - hotLoad module finish,cost  0  seconds
[2016-12-04 13:10:38.880] [WARN] jadeLoader - hotLoad module start.
[2016-12-04 13:10:38.881] [WARN] jadeLoader - hotLoad module finish,cost  0  seconds
[2016-12-04 13:11:11.857] [INFO] jadeLoader - JadeLoader init finish
[2016-12-04 13:11:14.859] [WARN] jadeLoader - hotLoad module start.
[2016-12-04 13:11:14.871] [WARN] jadeLoader - hotLoad module finish,cost  7  seconds
[2016-12-04 13:11:17.887] [WARN] jadeLoader - hotLoad module start.
[2016-12-04 13:11:17.888] [WARN] jadeLoader - hotLoad module finish,cost  1  seconds
[2016-12-04 13:11:30.099] [INFO] jadeLoader - JadeLoader init finish
[2016-12-04 13:11:33.101] [WARN] jadeLoader - hotLoad module start.
[2016-12-04 13:11:33.112] [WARN] jadeLoader - hotLoad module finish,cost  7  seconds
[2016-12-04 13:11:36.127] [WARN] jadeLoader - hotLoad module start.
[2016-12-04 13:11:36.128] [WARN] jadeLoader - hotLoad module finish,cost  1  seconds
[2016-12-04 13:11:39.133] [WARN] jadeLoader - hotLoad module start.
[2016-12-04 13:11:39.134] [WARN] jadeLoader - hotLoad module finish,cost  1  seconds
[2016-12-04 13:12:32.557] [INFO] jadeLoader - JadeLoader init finish
[2016-12-04 13:12:35.557] [WARN] jadeLoader - hotLoad module start.
[2016-12-04 13:12:35.558] [WARN] jadeLoader - hotLoad module finish,cost  0  milliSecond
[2016-12-04 13:12:38.563] [WARN] jadeLoader - hotLoad module start.
[2016-12-04 13:12:38.564] [WARN] jadeLoader - hotLoad module finish,cost  0  milliSecond
[2016-12-04 13:12:41.567] [WARN] jadeLoader - hotLoad module start.
[2016-12-04 13:12:41.568] [WARN] jadeLoader - hotLoad module finish,cost  0  milliSecond
[2016-12-04 13:12:44.570] [WARN] jadeLoader - hotLoad module start.
[2016-12-04 13:12:44.570] [WARN] jadeLoader - hotLoad module finish,cost  0  milliSecond
[2016-12-04 13:12:54.230] [INFO] jadeLoader - JadeLoader init finish
[2016-12-04 13:21:53.076] [INFO] jadeLoader - JadeLoader init finish
[2016-12-04 13:23:26.044] [INFO] jadeLoader - JadeLoader init finish
[2016-12-04 13:24:26.045] [WARN] jadeLoader - hotLoad module start.
[2016-12-04 13:24:26.046] [WARN] jadeLoader - hotLoad module finish,cost  0  milliSecond
[2016-12-04 13:31:09.347] [INFO] jadeLoader - JadeLoader init finish
[2016-12-04 13:31:37.152] [INFO] jadeLoader - JadeLoader init finish
[2016-12-04 13:33:03.854] [INFO] jadeLoader - JadeLoader init finish
[2016-12-04 13:33:08.200] [INFO] jadeLoader - JadeLoader init finish
[2016-12-04 13:33:27.711] [INFO] jadeLoader - JadeLoader init finish
[2016-12-04 13:36:08.259] [INFO] jadeLoader - JadeLoader init finish
[2016-12-04 13:36:46.221] [INFO] jadeLoader - JadeLoader init finish
[2016-12-04 13:37:58.850] [INFO] jadeLoader - JadeLoader init finish
[2016-12-04 13:38:48.737] [INFO] jadeLoader - JadeLoader init finish
[2016-12-04 13:39:43.723] [INFO] jadeLoader - JadeLoader init finish
[2016-12-04 13:39:54.383] [INFO] jadeLoader - JadeLoader init finish
[2016-12-04 13:41:46.335] [INFO] jadeLoader - JadeLoader init finish
[2016-12-04 13:45:27.623] [INFO] jadeLoader - JadeLoader init finish
[2016-12-04 13:45:29.633] [ERROR] jadeLoader - TypeError: Cannot read property 'utils' of undefined
    at new JadeLoader.Jader (c:\Users\Administrator.GG59G8M3QYURG1Y\Desktop\mnode\mnode\plugin\jadeLoader\app.js:168:21)
    at null._onTimeout (c:\Users\Administrator.GG59G8M3QYURG1Y\Desktop\mnode\mnode\app.js:14:13)
    at Timer.listOnTimeout (timers.js:92:15)
[2016-12-04 13:47:42.195] [INFO] jadeLoader - JadeLoader init finish
[2016-12-04 13:47:44.229] [ERROR] jadeLoader - TypeError: d.end is not a function
    at null._onTimeout (c:\Users\Administrator.GG59G8M3QYURG1Y\Desktop\mnode\mnode\app.js:16:19)
    at Timer.listOnTimeout (timers.js:92:15)
[2016-12-04 13:56:17.691] [INFO] jadeLoader - JadeLoader init finish
[2016-12-04 13:56:38.057] [INFO] jadeLoader - JadeLoader init finish
[2016-12-04 13:56:52.984] [INFO] jadeLoader - JadeLoader init finish
[2016-12-04 13:57:29.787] [INFO] jadeLoader - JadeLoader init finish
[2016-12-04 13:58:43.830] [INFO] jadeLoader - JadeLoader init finish
[2016-12-04 14:15:05.913] [INFO] jadeLoader - JadeLoader init finish
[2016-12-04 14:16:09.235] [INFO] jadeLoader - JadeLoader init finish
[2016-12-04 14:18:40.318] [INFO] jadeLoader - JadeLoader init finish
[2016-12-04 14:18:58.154] [INFO] jadeLoader - JadeLoader init finish
[2016-12-04 15:23:48.259] [INFO] jadeLoader - JadeLoader init finish
[2016-12-04 15:23:55.669] [INFO] jadeLoader - JadeLoader init finish
[2016-12-04 15:29:55.669] [WARN] jadeLoader - hotLoad module start.
[2016-12-04 15:29:55.670] [WARN] jadeLoader - hotLoad module finish,cost  0  milliSecond
[2016-12-06 17:15:12.768] [INFO] jadeLoader - JadeLoader init finish
[2016-12-06 17:15:46.581] [INFO] jadeLoader - JadeLoader init finish
[2016-12-06 17:15:47.581] [WARN] jadeLoader - hotLoad module start.
[2016-12-06 17:15:47.584] [WARN] jadeLoader - hotLoad module finish,cost  0  milliSecond
[2016-12-06 17:15:48.590] [WARN] jadeLoader - hotLoad module start.
[2016-12-06 17:15:48.591] [WARN] jadeLoader - hotLoad module finish,cost  0  milliSecond
[2016-12-06 17:15:49.592] [WARN] jadeLoader - hotLoad module start.
[2016-12-06 17:15:49.592] [WARN] jadeLoader - hotLoad module finish,cost  0  milliSecond
[2016-12-06 17:15:50.593] [WARN] jadeLoader - hotLoad module start.
[2016-12-06 17:15:50.593] [WARN] jadeLoader - hotLoad module finish,cost  0  milliSecond
[2016-12-06 17:15:51.593] [WARN] jadeLoader - hotLoad module start.
[2016-12-06 17:15:51.594] [WARN] jadeLoader - hotLoad module finish,cost  0  milliSecond
[2016-12-06 17:15:52.595] [WARN] jadeLoader - hotLoad module start.
[2016-12-06 17:15:52.596] [WARN] jadeLoader - hotLoad module finish,cost  0  milliSecond
[2016-12-06 17:15:53.599] [WARN] jadeLoader - hotLoad module start.
[2016-12-06 17:15:53.599] [WARN] jadeLoader - hotLoad module finish,cost  0  milliSecond
[2016-12-06 17:15:54.600] [WARN] jadeLoader - hotLoad module start.
[2016-12-06 17:15:54.602] [WARN] jadeLoader - hotLoad module finish,cost  0  milliSecond
[2016-12-06 17:15:55.604] [WARN] jadeLoader - hotLoad module start.
[2016-12-06 17:15:55.605] [WARN] jadeLoader - hotLoad module finish,cost  0  milliSecond
[2016-12-06 17:15:56.606] [WARN] jadeLoader - hotLoad module start.
[2016-12-06 17:15:56.606] [WARN] jadeLoader - hotLoad module finish,cost  0  milliSecond
[2016-12-06 17:15:57.606] [WARN] jadeLoader - hotLoad module start.
[2016-12-06 17:15:57.606] [WARN] jadeLoader - hotLoad module finish,cost  0  milliSecond
[2016-12-06 17:15:58.608] [WARN] jadeLoader - hotLoad module start.
[2016-12-06 17:15:58.608] [WARN] jadeLoader - hotLoad module finish,cost  0  milliSecond
[2016-12-06 17:15:59.610] [WARN] jadeLoader - hotLoad module start.
[2016-12-06 17:15:59.610] [WARN] jadeLoader - hotLoad module finish,cost  0  milliSecond
[2016-12-06 17:16:00.612] [WARN] jadeLoader - hotLoad module start.
[2016-12-06 17:16:00.612] [WARN] jadeLoader - hotLoad module finish,cost  0  milliSecond
[2016-12-06 17:16:01.614] [WARN] jadeLoader - hotLoad module start.
[2016-12-06 17:16:01.614] [WARN] jadeLoader - hotLoad module finish,cost  0  milliSecond
[2016-12-06 17:16:02.618] [WARN] jadeLoader - hotLoad module start.
[2016-12-06 17:16:02.620] [WARN] jadeLoader - hotLoad module finish,cost  0  milliSecond
[2016-12-06 17:16:03.627] [WARN] jadeLoader - hotLoad module start.
[2016-12-06 17:16:03.628] [WARN] jadeLoader - hotLoad module finish,cost  0  milliSecond
